0 info it worked if it ends with ok
1 verbose cli [ 'C:\\Program Files\\nodejs\\node.exe',
1 verbose cli   'C:\\Program Files\\nodejs\\node_modules\\npm\\bin\\npm-cli.js',
1 verbose cli   'unpublish',
1 verbose cli   'sutil',
1 verbose cli   '--force' ]
2 info using npm@3.8.9
3 info using node@v6.2.0
4 warn using --force I sure hope you know what you are doing.
5 silly unpublish args[0] sutil
6 silly unpublish thing Result {
6 silly unpublish   raw: 'sutil',
6 silly unpublish   scope: null,
6 silly unpublish   name: 'sutil',
6 silly unpublish   rawSpec: '',
6 silly unpublish   spec: 'latest',
6 silly unpublish   type: 'tag' }
7 verbose getPublishConfig null
8 silly ls normalized sutil
9 silly gentlyRm C:\Users\Administrator\AppData\Roaming\npm-cache\sutil is being purged
10 verbose gentlyRm don't care about contents; nuking C:\Users\Administrator\AppData\Roaming\npm-cache\sutil
11 silly mapToRegistry name sutil
12 silly mapToRegistry using default registry
13 silly mapToRegistry registry https://registry.npmjs.org/
14 silly mapToRegistry data Result {
14 silly mapToRegistry   raw: 'sutil',
14 silly mapToRegistry   scope: null,
14 silly mapToRegistry   name: 'sutil',
14 silly mapToRegistry   rawSpec: '',
14 silly mapToRegistry   spec: 'latest',
14 silly mapToRegistry   type: 'tag' }
15 silly mapToRegistry uri https://registry.npmjs.org/sutil
16 verbose get GET as part of write; not caching result
17 verbose request uri https://registry.npmjs.org/sutil?write=true
18 verbose request no auth needed
19 info attempt registry request try #1 at 06:20:54
20 verbose request id 7507bafb27f39cf1
21 http request GET https://registry.npmjs.org/sutil?write=true
22 http 200 https://registry.npmjs.org/sutil?write=true
23 verbose headers { server: 'CouchDB/1.5.0 (Erlang OTP/R16B03)',
23 verbose headers   'content-type': 'application/json',
23 verbose headers   etag: '"57c61f13-715"',
23 verbose headers   'content-encoding': 'gzip',
23 verbose headers   'cache-control': 'max-age=0',
23 verbose headers   'transfer-encoding': 'chunked',
23 verbose headers   'accept-ranges': 'bytes',
23 verbose headers   date: 'Sun, 11 Dec 2016 22:20:57 GMT',
23 verbose headers   via: '1.1 varnish',
23 verbose headers   age: '0',
23 verbose headers   connection: 'keep-alive',
23 verbose headers   'x-served-by': 'cache-hkg6820-HKG',
23 verbose headers   'x-cache': 'MISS',
23 verbose headers   'x-cache-hits': '0',
23 verbose headers   'x-timer': 'S1481494856.274108,VS0,VE758',
23 verbose headers   vary: 'Accept-Encoding' }
24 silly get cb [ 200,
24 silly get   { server: 'CouchDB/1.5.0 (Erlang OTP/R16B03)',
24 silly get     'content-type': 'application/json',
24 silly get     etag: '"57c61f13-715"',
24 silly get     'content-encoding': 'gzip',
24 silly get     'cache-control': 'max-age=0',
24 silly get     'transfer-encoding': 'chunked',
24 silly get     'accept-ranges': 'bytes',
24 silly get     date: 'Sun, 11 Dec 2016 22:20:57 GMT',
24 silly get     via: '1.1 varnish',
24 silly get     age: '0',
24 silly get     connection: 'keep-alive',
24 silly get     'x-served-by': 'cache-hkg6820-HKG',
24 silly get     'x-cache': 'MISS',
24 silly get     'x-cache-hits': '0',
24 silly get     'x-timer': 'S1481494856.274108,VS0,VE758',
24 silly get     vary: 'Accept-Encoding' } ]
25 verbose get saving sutil to C:\Users\Administrator\AppData\Roaming\npm-cache\registry.npmjs.org\sutil_3Fwrite_3Dtrue\.cache.json
26 verbose correctMkdir C:\Users\Administrator\AppData\Roaming\npm-cache correctMkdir not in flight; initializing
27 info unpublish No version specified, removing all
28 verbose request uri https://registry.npmjs.org/sutil/-rev/1-6e8a32507a6009d90e9877dea1697520
29 verbose request sending authorization for write operation
30 info attempt registry request try #1 at 06:20:57
31 info retry will retry, error on last attempt: Error: This request requires auth credentials. Run `npm login` and repeat the request.
32 info attempt registry request try #2 at 06:21:07
33 info retry will retry, error on last attempt: Error: This request requires auth credentials. Run `npm login` and repeat the request.
34 info attempt registry request try #3 at 06:22:07
35 verbose request invalidating C:\Users\Administrator\AppData\Roaming\npm-cache\registry.npmjs.org\sutil on DELETE
36 verbose stack Error: This request requires auth credentials. Run `npm login` and repeat the request.
36 verbose stack     at CachingRegistryClient.authify (C:\Program Files\nodejs\node_modules\npm\node_modules\npm-registry-client\lib\authify.js:17:14)
36 verbose stack     at CachingRegistryClient.makeRequest (C:\Program Files\nodejs\node_modules\npm\node_modules\npm-registry-client\lib\request.js:103:17)
36 verbose stack     at C:\Program Files\nodejs\node_modules\npm\node_modules\npm-registry-client\lib\request.js:66:17
36 verbose stack     at RetryOperation._fn (C:\Program Files\nodejs\node_modules\npm\node_modules\npm-registry-client\lib\attempt.js:18:5)
36 verbose stack     at Timeout._onTimeout (C:\Program Files\nodejs\node_modules\npm\node_modules\npm-registry-client\node_modules\retry\lib\retry_operation.js:49:10)
36 verbose stack     at tryOnTimeout (timers.js:224:11)
36 verbose stack     at Timer.listOnTimeout (timers.js:198:5)
37 verbose cwd D:\yuanma\es6\sutil
38 error Windows_NT 10.0.14393
39 error argv "C:\\Program Files\\nodejs\\node.exe" "C:\\Program Files\\nodejs\\node_modules\\npm\\bin\\npm-cli.js" "unpublish" "sutil" "--force"
40 error node v6.2.0
41 error npm  v3.8.9
42 error This request requires auth credentials. Run `npm login` and repeat the request.
43 error If you need help, you may report this error at:
43 error     <https://github.com/npm/npm/issues>
44 verbose exit [ 1, true ]
